[ 2024-10-23 14:19:22,610 ] 24 root - INFO - Data ingestion process start
[ 2024-10-23 14:19:22,615 ] 29 root - INFO - Dataset read as pandas Dataframe
[ 2024-10-23 14:19:22,619 ] 35 root - INFO - Train Test split
[ 2024-10-23 14:19:22,624 ] 43 root - INFO - Ingestion of data is completed
[ 2024-10-23 14:19:22,631 ] 52 root - INFO - Read train and test data completed
[ 2024-10-23 14:19:22,638 ] 53 root - INFO - Train Dataframe Head : 
   sepal_length  sepal_width  petal_length  petal_width          species
0           7.7          2.6           6.9          2.3   Iris-virginica
1           5.7          3.8           1.7          0.3      Iris-setosa
2           5.0          3.6           1.4          0.2      Iris-setosa
3           4.8          3.0           1.4          0.3      Iris-setosa
4           5.2          2.7           3.9          1.4  Iris-versicolor
[ 2024-10-23 14:19:22,644 ] 54 root - INFO - Test Dataframe Head  : 
   sepal_length  sepal_width  petal_length  petal_width          species
0           5.8          4.0           1.2          0.2      Iris-setosa
1           5.1          2.5           3.0          1.1  Iris-versicolor
2           6.6          3.0           4.4          1.4  Iris-versicolor
3           5.4          3.9           1.3          0.4      Iris-setosa
4           7.9          3.8           6.4          2.0   Iris-virginica
[ 2024-10-23 14:19:22,644 ] 56 root - INFO - Obtaining preprocessing object
[ 2024-10-23 14:19:22,644 ] 30 root - INFO - data transformation start.
[ 2024-10-23 14:19:22,644 ] 38 root - INFO - pipeline competed
[ 2024-10-23 14:19:22,658 ] 74 root - INFO - Applying preprocessing object on training and testing datasets.
[ 2024-10-23 14:19:22,661 ] 87 root - INFO - Processsor pickle in created and saved
[ 2024-10-23 14:19:22,661 ] 37 root - INFO - Splitting Dependent and Independent variables from train and test data
[ 2024-10-23 14:19:22,662 ] 56 root - INFO - evaluating model...
[ 2024-10-23 14:19:22,662 ] 32 root - INFO - evaluating model from utils...
