[ 2024-10-23 12:31:36,387 ] 160 numexpr.utils - INFO - NumExpr defaulting to 4 threads.
[ 2024-10-23 12:31:45,980 ] 24 root - INFO - Data ingestion process start
[ 2024-10-23 12:31:46,199 ] 29 root - INFO - Dataset read as pandas Dataframe
[ 2024-10-23 12:31:46,269 ] 35 root - INFO - Train Test split
[ 2024-10-23 12:31:46,347 ] 43 root - INFO - Ingestion of data is completed
[ 2024-10-23 12:31:46,354 ] 52 root - INFO - Read train and test data completed
[ 2024-10-23 12:31:46,381 ] 53 root - INFO - Train Dataframe Head : 
   Unnamed: 0  sepal_length  sepal_width  petal_length  petal_width          species
0         118           7.7          2.6           6.9          2.3   Iris-virginica
1          18           5.7          3.8           1.7          0.3      Iris-setosa
2           4           5.0          3.6           1.4          0.2      Iris-setosa
3          45           4.8          3.0           1.4          0.3      Iris-setosa
4          59           5.2          2.7           3.9          1.4  Iris-versicolor
[ 2024-10-23 12:31:46,385 ] 54 root - INFO - Test Dataframe Head  : 
   Unnamed: 0  sepal_length  sepal_width  petal_length  petal_width          species
0          14           5.8          4.0           1.2          0.2      Iris-setosa
1          98           5.1          2.5           3.0          1.1  Iris-versicolor
2          75           6.6          3.0           4.4          1.4  Iris-versicolor
3          16           5.4          3.9           1.3          0.4      Iris-setosa
4         131           7.9          3.8           6.4          2.0   Iris-virginica
[ 2024-10-23 12:31:46,385 ] 56 root - INFO - Obtaining preprocessing object
[ 2024-10-23 12:31:46,462 ] 30 root - INFO - data transformation start.
[ 2024-10-23 12:31:46,463 ] 38 root - INFO - pipeline competed
[ 2024-10-23 12:31:46,496 ] 74 root - INFO - Applying preprocessing object on training and testing datasets.
[ 2024-10-23 12:31:46,498 ] 87 root - INFO - Processsor pickle in created and saved
[ 2024-10-23 12:31:46,498 ] 36 root - INFO - Splitting Dependent and Independent variables from train and test data
[ 2024-10-23 12:31:46,499 ] 45 root - INFO - Exception occured during model training
